<?xml version="1.0" encoding="UTF-8"?>
<testng-results ignored="0" total="1" passed="1" failed="0" skipped="0">
  <reporter-output>
  </reporter-output>
  <suite started-at="2024-08-19T12:02:24 CEST" name="login" finished-at="2024-08-19T12:02:27 CEST" duration-ms="2710">
    <groups>
    </groups>
    <test started-at="2024-08-19T12:02:24 CEST" name="login" finished-at="2024-08-19T12:02:27 CEST" duration-ms="2710">
      <class name="demoqa.book_store.LoginTests">
        <test-method is-config="true" signature="setUp()[pri:0, instance:demoqa.book_store.LoginTests@61fe30]" started-at="2024-08-19T12:02:19 CEST" name="setUp" finished-at="2024-08-19T12:02:24 CEST" duration-ms="4886" status="PASS">
          <reporter-output>
          </reporter-output>
        </test-method> <!-- setUp -->
        <test-method is-config="true" signature="startTest(java.lang.reflect.Method,[Ljava.lang.Object;)[pri:0, instance:demoqa.book_store.LoginTests@61fe30]" started-at="2024-08-19T12:02:24 CEST" name="startTest" finished-at="2024-08-19T12:02:24 CEST" duration-ms="5" status="PASS">
          <params>
            <param index="0">
              <value>
                <![CDATA[public void demoqa.book_store.LoginTests.loginPositiveTest()]]>
              </value>
            </param>
            <param index="1">
              <value>
                <![CDATA[[Ljava.lang.Object;@14fa92af]]>
              </value>
            </param>
          </params>
          <reporter-output>
          </reporter-output>
        </test-method> <!-- startTest -->
        <test-method is-config="true" signature="precondition()[pri:0, instance:demoqa.book_store.LoginTests@61fe30]" started-at="2024-08-19T12:02:24 CEST" name="precondition" finished-at="2024-08-19T12:02:25 CEST" duration-ms="755" status="PASS">
          <reporter-output>
          </reporter-output>
        </test-method> <!-- precondition -->
        <test-method signature="loginPositiveTest()[pri:0, instance:demoqa.book_store.LoginTests@61fe30]" started-at="2024-08-19T12:02:25 CEST" name="loginPositiveTest" finished-at="2024-08-19T12:02:27 CEST" duration-ms="1894" status="PASS">
          <reporter-output>
          </reporter-output>
        </test-method> <!-- loginPositiveTest -->
        <test-method is-config="true" signature="endTest(java.lang.reflect.Method,org.testng.ITestResult)[pri:0, instance:demoqa.book_store.LoginTests@61fe30]" started-at="2024-08-19T12:02:27 CEST" name="endTest" finished-at="2024-08-19T12:02:27 CEST" duration-ms="0" status="PASS">
          <params>
            <param index="0">
              <value>
                <![CDATA[public void demoqa.book_store.LoginTests.loginPositiveTest()]]>
              </value>
            </param>
            <param index="1">
              <value>
                <![CDATA[[TestResult name=loginPositiveTest status=SUCCESS method=LoginTests.loginPositiveTest()[pri:0, instance:demoqa.book_store.LoginTests@61fe30] output={null}]]]>
              </value>
            </param>
          </params>
          <reporter-output>
          </reporter-output>
        </test-method> <!-- endTest -->
      </class> <!-- demoqa.book_store.LoginTests -->
    </test> <!-- login -->
  </suite> <!-- login -->
</testng-results>
